<?xml version="1.0" encoding="UTF-8"?>
<testng-results ignored="0" total="4" passed="4" failed="0" skipped="0">
  <reporter-output>
  </reporter-output>
  <suite started-at="2022-09-28T14:22:15Z" name="BrowserStack Test automtion regression suite" finished-at="2022-09-28T14:22:43Z" duration-ms="28080">
    <groups>
    </groups>
    <test started-at="2022-09-28T14:22:15Z" name="BrowserStack Test - Chrome" finished-at="2022-09-28T14:22:29Z" duration-ms="14411">
      <class name="com.mytests.SauceTest">
        <test-method is-config="true" signature="setUp(java.lang.String, java.lang.String, java.lang.String, java.lang.String, java.lang.reflect.Method)[pri:0, instance:com.mytests.SauceTest@a1cdc6d]" started-at="2022-09-28T19:52:15Z" name="setUp" finished-at="2022-09-28T19:52:20Z" duration-ms="4889" status="PASS">
          <params>
            <param index="0">
              <value>
                <![CDATA[Chrome]]>
              </value>
            </param>
            <param index="1">
              <value>
                <![CDATA[85.0]]>
              </value>
            </param>
            <param index="2">
              <value>
                <![CDATA[OS X]]>
              </value>
            </param>
            <param index="3">
              <value>
                <![CDATA[Catalina]]>
              </value>
            </param>
            <param index="4">
              <value>
                <![CDATA[public void com.mytests.SauceTest.checkInventoryItemTest()]]>
              </value>
            </param>
          </params>
          <reporter-output>
          </reporter-output>
        </test-method> <!-- setUp -->
        <test-method signature="checkInventoryItemTest()[pri:1, instance:com.mytests.SauceTest@a1cdc6d]" started-at="2022-09-28T19:52:20Z" name="checkInventoryItemTest" finished-at="2022-09-28T19:52:21Z" duration-ms="1355" status="PASS">
          <reporter-output>
          </reporter-output>
        </test-method> <!-- checkInventoryItemTest -->
        <test-method is-config="true" signature="tearDown()[pri:0, instance:com.mytests.SauceTest@a1cdc6d]" started-at="2022-09-28T19:52:21Z" name="tearDown" finished-at="2022-09-28T19:52:23Z" duration-ms="1429" status="PASS">
          <reporter-output>
          </reporter-output>
        </test-method> <!-- tearDown -->
        <test-method is-config="true" signature="setUp(java.lang.String, java.lang.String, java.lang.String, java.lang.String, java.lang.reflect.Method)[pri:0, instance:com.mytests.SauceTest@a1cdc6d]" started-at="2022-09-28T19:52:23Z" name="setUp" finished-at="2022-09-28T19:52:26Z" duration-ms="3906" status="PASS">
          <params>
            <param index="0">
              <value>
                <![CDATA[Chrome]]>
              </value>
            </param>
            <param index="1">
              <value>
                <![CDATA[85.0]]>
              </value>
            </param>
            <param index="2">
              <value>
                <![CDATA[OS X]]>
              </value>
            </param>
            <param index="3">
              <value>
                <![CDATA[Catalina]]>
              </value>
            </param>
            <param index="4">
              <value>
                <![CDATA[public void com.mytests.SauceTest.checkAddToCartButtonTest()]]>
              </value>
            </param>
          </params>
          <reporter-output>
          </reporter-output>
        </test-method> <!-- setUp -->
        <test-method signature="checkAddToCartButtonTest()[pri:2, instance:com.mytests.SauceTest@a1cdc6d]" started-at="2022-09-28T19:52:26Z" name="checkAddToCartButtonTest" finished-at="2022-09-28T19:52:28Z" duration-ms="1380" status="PASS">
          <reporter-output>
          </reporter-output>
        </test-method> <!-- checkAddToCartButtonTest -->
        <test-method is-config="true" signature="tearDown()[pri:0, instance:com.mytests.SauceTest@a1cdc6d]" started-at="2022-09-28T19:52:28Z" name="tearDown" finished-at="2022-09-28T19:52:29Z" duration-ms="1428" status="PASS">
          <reporter-output>
          </reporter-output>
        </test-method> <!-- tearDown -->
      </class> <!-- com.mytests.SauceTest -->
    </test> <!-- BrowserStack Test - Chrome -->
    <test started-at="2022-09-28T14:22:15Z" name="BrowserStack Test - FF" finished-at="2022-09-28T14:22:43Z" duration-ms="28080">
      <class name="com.mytests.SauceTest">
        <test-method is-config="true" signature="setUp(java.lang.String, java.lang.String, java.lang.String, java.lang.String, java.lang.reflect.Method)[pri:0, instance:com.mytests.SauceTest@ed7f8b4]" started-at="2022-09-28T19:52:15Z" name="setUp" finished-at="2022-09-28T19:52:26Z" duration-ms="11452" status="PASS">
          <params>
            <param index="0">
              <value>
                <![CDATA[Firefox]]>
              </value>
            </param>
            <param index="1">
              <value>
                <![CDATA[80.0]]>
              </value>
            </param>
            <param index="2">
              <value>
                <![CDATA[Windows]]>
              </value>
            </param>
            <param index="3">
              <value>
                <![CDATA[10]]>
              </value>
            </param>
            <param index="4">
              <value>
                <![CDATA[public void com.mytests.SauceTest.checkInventoryItemTest()]]>
              </value>
            </param>
          </params>
          <reporter-output>
          </reporter-output>
        </test-method> <!-- setUp -->
        <test-method signature="checkInventoryItemTest()[pri:1, instance:com.mytests.SauceTest@ed7f8b4]" started-at="2022-09-28T19:52:26Z" name="checkInventoryItemTest" finished-at="2022-09-28T19:52:28Z" duration-ms="1776" status="PASS">
          <reporter-output>
          </reporter-output>
        </test-method> <!-- checkInventoryItemTest -->
        <test-method is-config="true" signature="tearDown()[pri:0, instance:com.mytests.SauceTest@ed7f8b4]" started-at="2022-09-28T19:52:28Z" name="tearDown" finished-at="2022-09-28T19:52:29Z" duration-ms="1270" status="PASS">
          <reporter-output>
          </reporter-output>
        </test-method> <!-- tearDown -->
        <test-method is-config="true" signature="setUp(java.lang.String, java.lang.String, java.lang.String, java.lang.String, java.lang.reflect.Method)[pri:0, instance:com.mytests.SauceTest@ed7f8b4]" started-at="2022-09-28T19:52:29Z" name="setUp" finished-at="2022-09-28T19:52:39Z" duration-ms="9552" status="PASS">
          <params>
            <param index="0">
              <value>
                <![CDATA[Firefox]]>
              </value>
            </param>
            <param index="1">
              <value>
                <![CDATA[80.0]]>
              </value>
            </param>
            <param index="2">
              <value>
                <![CDATA[Windows]]>
              </value>
            </param>
            <param index="3">
              <value>
                <![CDATA[10]]>
              </value>
            </param>
            <param index="4">
              <value>
                <![CDATA[public void com.mytests.SauceTest.checkAddToCartButtonTest()]]>
              </value>
            </param>
          </params>
          <reporter-output>
          </reporter-output>
        </test-method> <!-- setUp -->
        <test-method signature="checkAddToCartButtonTest()[pri:2, instance:com.mytests.SauceTest@ed7f8b4]" started-at="2022-09-28T19:52:39Z" name="checkAddToCartButtonTest" finished-at="2022-09-28T19:52:42Z" duration-ms="2693" status="PASS">
          <reporter-output>
          </reporter-output>
        </test-method> <!-- checkAddToCartButtonTest -->
        <test-method is-config="true" signature="tearDown()[pri:0, instance:com.mytests.SauceTest@ed7f8b4]" started-at="2022-09-28T19:52:42Z" name="tearDown" finished-at="2022-09-28T19:52:43Z" duration-ms="1314" status="PASS">
          <reporter-output>
          </reporter-output>
        </test-method> <!-- tearDown -->
      </class> <!-- com.mytests.SauceTest -->
    </test> <!-- BrowserStack Test - FF -->
  </suite> <!-- BrowserStack Test automtion regression suite -->
</testng-results>
