<?xml version="1.0" encoding="UTF-8"?>
<!-- Generated by org.testng.reporters.JUnitXMLReporter -->
<testsuite ignored="0" hostname="LAPTOP-76PGCCB3" failures="0" tests="2" name="BrowserStack Test - Chrome" time="14.411" errors="0" timestamp="28 Sep 2022 14:22:29 GMT">
  <testcase classname="com.mytests.SauceTest" name="checkInventoryItemTest" time="1.355"/>
  <testcase classname="com.mytests.SauceTest" name="checkAddToCartButtonTest" time="1.38"/>
</testsuite> <!-- BrowserStack Test - Chrome -->
